<?xml version="1.0" encoding="UTF-8"?>
<Site BuildName="(empty)"
	BuildStamp="20230801-0633-Experimental"
	Name="user"
	Generator="ctest-3.16.3"
	CompilerName="/usr/bin/c++"
	CompilerVersion="9.4.0"
	OSName="Linux"
	Hostname="user"
	OSRelease="5.4.0-155-generic"
	OSVersion="#172-Ubuntu SMP Fri Jul 7 16:13:58 UTC 2023"
	OSPlatform="aarch64"
	Is64Bits="1"
	VendorString=""
	VendorID="Unknown Manufacturer"
	FamilyID="8"
	ModelID="0"
	ProcessorCacheSize="0"
	NumberOfLogicalCPU="4"
	NumberOfPhysicalCPU="1"
	TotalVirtualMemory="3918"
	TotalPhysicalMemory="3919"
	LogicalProcessorsPerPhysical="4"
	ProcessorClockFrequency="0"
	>
	<Testing>
		<StartDateTime>Aug 01 15:03 CST</StartDateTime>
		<StartTestTime>1690873381</StartTestTime>
		<TestList/>
		<EndDateTime>Aug 01 15:03 CST</EndDateTime>
		<EndTestTime>1690873381</EndTestTime>
		<ElapsedMinutes>0</ElapsedMinutes>
	</Testing>
</Site>
